<?xml version="1.0" encoding="UTF-8"?>
<!-- Generated by org.testng.reporters.JUnitReportReporter -->
<testsuite hostname="Mehedi" failures="0" tests="1" name="com.mehedi.hasan.utilities.ExcelUtils" time="1.176" errors="0" timestamp="2025-07-01T23:22:52 BDT" skipped="0">
  <testcase classname="com.mehedi.hasan.utilities.ExcelUtils" name="ReadExcel" time="1.176"/>
</testsuite> <!-- com.mehedi.hasan.utilities.ExcelUtils -->
