<?xml version="1.0" encoding="UTF-8"?>
<!-- Generated by org.testng.reporters.JUnitReportReporter -->
<testsuite hostname="Mehedi" failures="0" tests="5" name="com.mehedi.hasan.tests.LoginTest" time="51.812" errors="0" timestamp="2025-07-04T05:23:36 BDT" skipped="0">
  <testcase classname="com.mehedi.hasan.tests.LoginTest" name="multipleLoginTest" time="9.754"/>
  <testcase classname="com.mehedi.hasan.tests.LoginTest" name="multipleLoginTest" time="10.632"/>
  <testcase classname="com.mehedi.hasan.tests.LoginTest" name="multipleLoginTest" time="9.568"/>
  <testcase classname="com.mehedi.hasan.tests.LoginTest" name="multipleLoginTest" time="10.080"/>
  <testcase classname="com.mehedi.hasan.tests.LoginTest" name="multipleLoginTest" time="11.778"/>
</testsuite> <!-- com.mehedi.hasan.tests.LoginTest -->
