<?xml version="1.0" encoding="UTF-8"?>
<!-- Generated by org.testng.reporters.JUnitReportReporter -->
<testsuite hostname="Mehedi" failures="0" tests="1" name="com.mehedi.hasan.utilities.commonMathod" time="0.560" errors="0" timestamp="2025-07-01T22:32:55 BDT" skipped="0">
  <testcase classname="com.mehedi.hasan.utilities.commonMathod" name="dataGenrator" time="0.560"/>
</testsuite> <!-- com.mehedi.hasan.utilities.commonMathod -->
